<?xml version="1.0" encoding="UTF-8"?>
<testng-results skipped="0" failed="0" ignored="0" total="1" passed="1">
  <reporter-output>
  </reporter-output>
  <suite name="Default suite" duration-ms="6350" started-at="2022-01-22T19:12:14 CST" finished-at="2022-01-22T19:12:21 CST">
    <groups>
    </groups>
    <test name="Default test" duration-ms="6350" started-at="2022-01-22T19:12:14 CST" finished-at="2022-01-22T19:12:21 CST">
      <class name="test.LoginTest">
        <test-method status="PASS" signature="validUserShouldBeAbleToLoginTest()[pri:0, instance:test.LoginTest@1e800aaa]" name="validUserShouldBeAbleToLoginTest" duration-ms="6316" started-at="2022-01-22T19:12:14 CST" finished-at="2022-01-22T19:12:21 CST">
          <reporter-output>
          </reporter-output>
        </test-method> <!-- validUserShouldBeAbleToLoginTest -->
      </class> <!-- test.LoginTest -->
    </test> <!-- Default test -->
  </suite> <!-- Default suite -->
</testng-results>
